<?xml version="1.0" encoding="UTF-8"?>
<!-- Generated by org.testng.reporters.JUnitReportReporter -->
<testsuite hostname="DESKTOP-N60QB27" failures="0" tests="1" name="RestAssuredBasics.RunOneTestNGTest" time="0.012" errors="0" timestamp="2022-12-27T21:32:44 IST" skipped="0">
  <testcase classname="RestAssuredBasics.RunOneTestNGTest" name="add" time="0.012"/>
  <system-out/>
</testsuite> <!-- RestAssuredBasics.RunOneTestNGTest -->
