<?xml version="1.0" encoding="UTF-8"?>
<!-- Generated by org.testng.reporters.JUnitReportReporter -->
<testsuite hostname="DESKTOP-N60QB27" failures="0" tests="1" name="tests.TC1" time="0.010" errors="0" timestamp="2022-12-27T18:45:43 IST" skipped="0">
  <testcase classname="tests.TC1" name="tc1" time="0.010"/>
  <system-out/>
</testsuite> <!-- tests.TC1 -->
