<?xml version="1.0" encoding="UTF-8"?>
<!-- Generated by org.testng.reporters.JUnitReportReporter -->
<testsuite hostname="DESKTOP-N60QB27" failures="0" tests="1" name="POST.PostRequest4" time="5.346" errors="0" timestamp="2022-12-28T09:55:55 IST" skipped="0">
  <testcase classname="POST.PostRequest4" name="createBooking" time="5.346"/>
  <system-out/>
</testsuite> <!-- POST.PostRequest4 -->
