<?xml version="1.0" encoding="UTF-8"?>
<!-- Generated by org.testng.reporters.JUnitReportReporter -->
<testsuite hostname="DESKTOP-N60QB27" failures="0" tests="1" name="POST.PostRequest3" time="5.237" errors="0" timestamp="2022-12-28T09:50:27 IST" skipped="0">
  <testcase classname="POST.PostRequest3" name="createBooking" time="5.237"/>
  <system-out/>
</testsuite> <!-- POST.PostRequest3 -->
