<?xml version="1.0" encoding="UTF-8"?>
<!-- Generated by org.testng.reporters.JUnitReportReporter -->
<testsuite hostname="DESKTOP-N60QB27" failures="0" tests="1" name="PayLoadHandling.PayLoadAsMap3" time="0.027" errors="0" timestamp="2022-12-28T15:18:27 IST" skipped="0">
  <testcase classname="PayLoadHandling.PayLoadAsMap3" name="mapLoad" time="0.027"/>
  <system-out/>
</testsuite> <!-- PayLoadHandling.PayLoadAsMap3 -->
