<?xml version="1.0" encoding="UTF-8"?>
<!-- Generated by org.testng.reporters.JUnitReportReporter -->
<testsuite hostname="DESKTOP-N60QB27" failures="0" tests="1" name="PutRequest.PostRequest5" time="5.957" errors="0" timestamp="2022-12-28T10:32:21 IST" skipped="0">
  <testcase classname="PutRequest.PostRequest5" name="updateBooking" time="5.957"/>
  <system-out/>
</testsuite> <!-- PutRequest.PostRequest5 -->
