<?xml version="1.0" encoding="UTF-8"?>
<!-- Generated by org.testng.reporters.JUnitReportReporter -->
<testsuite hostname="DESKTOP-N60QB27" failures="0" tests="1" name="RestAssuredBasics.GetRequest3" time="3.824" errors="0" timestamp="2022-12-28T01:43:14 IST" skipped="0">
  <testcase classname="RestAssuredBasics.GetRequest3" name="restAssuredGet" time="3.824"/>
  <system-out/>
</testsuite> <!-- RestAssuredBasics.GetRequest3 -->
