<?xml version="1.0" encoding="UTF-8"?>
<!-- Generated by org.testng.reporters.JUnitReportReporter -->
<testsuite hostname="DESKTOP-N60QB27" failures="0" tests="1" name="POST.PostRequest" time="4.837" errors="0" timestamp="2022-12-28T08:55:31 IST" skipped="0">
  <testcase classname="POST.PostRequest" name="createBooking" time="4.837"/>
  <system-out/>
</testsuite> <!-- POST.PostRequest -->
