<?xml version="1.0" encoding="UTF-8"?>
<!-- Generated by org.testng.reporters.JUnitReportReporter -->
<testsuite hostname="DESKTOP-N60QB27" failures="0" tests="1" name="PayLoadHandling.NestedJSONPayLoad" time="0.011" errors="0" timestamp="2022-12-28T15:54:45 IST" skipped="0">
  <testcase classname="PayLoadHandling.NestedJSONPayLoad" name="createNestedPayload" time="0.011"/>
  <system-out/>
</testsuite> <!-- PayLoadHandling.NestedJSONPayLoad -->
