<?xml version="1.0" encoding="UTF-8"?>
<!-- Generated by org.testng.reporters.JUnitReportReporter -->
<testsuite hostname="DESKTOP-N60QB27" failures="0" tests="2" name="PayLoadHandling.PayLoadAsMap" time="5.560" errors="0" timestamp="2022-12-28T14:50:55 IST" skipped="0">
  <testcase classname="PayLoadHandling.PayLoadAsMap" name="mapLoad" time="0.018"/>
  <system-out/>
  <testcase classname="PayLoadHandling.PayLoadAsMap" name="sendPayload" time="5.542"/>
  <system-out/>
</testsuite> <!-- PayLoadHandling.PayLoadAsMap -->
