<?xml version="1.0" encoding="UTF-8"?>
<!-- Generated by org.testng.reporters.JUnitReportReporter -->
<testsuite hostname="DESKTOP-N60QB27" failures="0" tests="1" name="RestAssuredBasics.GetRequest2" time="3.870" errors="0" timestamp="2022-12-28T01:27:08 IST" skipped="0">
  <testcase classname="RestAssuredBasics.GetRequest2" name="restAssuredGet" time="3.870"/>
  <system-out/>
</testsuite> <!-- RestAssuredBasics.GetRequest2 -->
