<?xml version="1.0" encoding="UTF-8"?>
<!-- Generated by org.testng.reporters.JUnitReportReporter -->
<testsuite hostname="DESKTOP-N60QB27" failures="0" tests="1" name="POST.GetRequest2" time="11.151" errors="0" timestamp="2022-12-28T09:39:49 IST" skipped="0">
  <testcase classname="POST.GetRequest2" name="createBooking" time="11.151"/>
  <system-out/>
</testsuite> <!-- POST.GetRequest2 -->
